<?xml version="1.0" encoding="UTF-8"?>
<testsuite name="co.com.phptravels.runners.phptravelsRunner" tests="0" skipped="0" failures="0" errors="0" timestamp="1970-01-01T00:00:00" hostname="QV-3554" time="0.0">
  <properties/>
  <system-out><![CDATA[
?[33mUndefined scenarios:?[0m
file:///C:/Users/QVUser/Documents/Projects/phptravels/src/test/resources/features/phptravels_SignUp.feature:4 # SignuP Success

1 Scenarios (?[33m1 undefined?[0m)
7 Steps (?[36m6 skipped?[0m, ?[33m1 undefined?[0m)
0m0,987s


You can implement missing steps with the snippets below:

@Given("i want to get an Acount")
public void iWantToGetAnAcount() {
    // Write code here that turns the phrase above into concrete actions
    throw new io.cucumber.java.PendingException();
}

@When("i type my name {string}")
public void iTypeMyName(String string) {
    // Write code here that turns the phrase above into concrete actions
    throw new io.cucumber.java.PendingException();
}

@When("i type my last name {string}")
public void iTypeMyLastName(String string) {
    // Write code here that turns the phrase above into concrete actions
    throw new io.cucumber.java.PendingException();
}

@When("i type my number phone {int}")
public void iTypeMyNumberPhone(Integer int1) {
    // Write code here that turns the phrase above into concrete actions
    throw new io.cucumber.java.PendingException();
}

@When("i type my email {string}")
public void iTypeMyEmail(String string) {
    // Write code here that turns the phrase above into concrete actions
    throw new io.cucumber.java.PendingException();
}

@When("i type my new password {string}")
public void iTypeMyNewPassword(String string) {
    // Write code here that turns the phrase above into concrete actions
    throw new io.cucumber.java.PendingException();
}

@Then("i should get my new account after i clicked the signup button")
public void iShouldGetMyNewAccountAfterIClickedTheSignupButton() {
    // Write code here that turns the phrase above into concrete actions
    throw new io.cucumber.java.PendingException();
}


]]></system-out>
  <system-err><![CDATA[[Test worker] INFO io.cucumber.core.plugin.SerenityReporter - Running feature from file:///C:/Users/QVUser/Documents/Projects/phptravels/src/test/resources/features/phptravels_SignUp.feature
[Test worker] INFO  - 

-------------------------------------------------------------------------------------
     _______. _______ .______       _______ .__   __.  __  .___________.____    ____ 
    /       ||   ____||   _  \     |   ____||  \ |  | |  | |           |\   \  /   / 
   |   (----`|  |__   |  |_)  |    |  |__   |   \|  | |  | `---|  |----` \   \/   /  
    \   \    |   __|  |      /     |   __|  |  . `  | |  |     |  |       \_    _/   
.----)   |   |  |____ |  |\  \----.|  |____ |  |\   | |  |     |  |         |  |     
|_______/    |_______|| _| `._____||_______||__| \__| |__|     |__|         |__|    
                                                                                     
 News and tutorials at http://www.serenity-bdd.info                                  
 Documentation at https://wakaleo.gitbooks.io/the-serenity-book/content/             
 Join the Serenity Community on Gitter: https://gitter.im/serenity-bdd/serenity-core 
 Serenity BDD Support and Training at http://serenity-bdd.info/#/trainingandsupport  
-------------------------------------------------------------------------------------

[Test worker] INFO  - Test Suite Started: Sign up
[pool-1-thread-1] INFO net.thucydides.core.reports.ReportService - net.thucydides.core.reports.json.JSONTestOutcomeReporter@6ecab872: Generating report for test outcome: SignUp:SignuP Success
[pool-2-thread-1] INFO net.thucydides.core.reports.ReportService - net.thucydides.core.reports.html.HtmlAcceptanceTestReporter@69391e08: Generating report for test outcome: SignUp:SignuP Success
[Test worker] INFO io.cucumber.core.plugin.SerenityReporter - Cleanup test resources for URI file:///C:/Users/QVUser/Documents/Projects/phptravels/src/test/resources/features/phptravels_SignUp.feature
]]></system-err>
</testsuite>
