<?xml version="1.0" encoding="UTF-8"?>
<testsuite name="co.com.phptravels.runners.phptravelsRunner" tests="0" skipped="0" failures="0" errors="0" timestamp="1970-01-01T00:00:00" hostname="QV-3554" time="0.0">
  <properties/>
  <system-out><![CDATA[
?[31mFailed scenarios:?[0m
file:///C:/Users/QVUser/Documents/Projects/phptravels/src/test/resources/features/phptravels_Add_Founds.feature:4 # Add founds succes

1 Scenarios (?[31m1 failed?[0m)
8 Steps (?[31m1 failed?[0m, ?[36m7 skipped?[0m)
0m1,134s


java.lang.NullPointerException: Cannot invoke "co.com.phptravels.steps.phptravels_Add_Founds_Page.openLoginPage()" because "this.addFounds" is null
	at co.com.phptravels.stepdefinitions.phptravels_Add_Founds_StepDefinitions.iWantToAddFoundsToMyAccountILoginToTheSystem(phptravels_Add_Founds_StepDefinitions.java:12)
	at ?.i want to add founds to my account i login to the system(file:///C:/Users/QVUser/Documents/Projects/phptravels/src/test/resources/features/phptravels_Add_Founds.feature:5)


]]></system-out>
  <system-err><![CDATA[[Test worker] INFO io.cucumber.core.plugin.SerenityReporter - Running feature from file:///C:/Users/QVUser/Documents/Projects/phptravels/src/test/resources/features/phptravels_Add_Founds.feature
[Test worker] INFO  - 

-------------------------------------------------------------------------------------
     _______. _______ .______       _______ .__   __.  __  .___________.____    ____ 
    /       ||   ____||   _  \     |   ____||  \ |  | |  | |           |\   \  /   / 
   |   (----`|  |__   |  |_)  |    |  |__   |   \|  | |  | `---|  |----` \   \/   /  
    \   \    |   __|  |      /     |   __|  |  . `  | |  |     |  |       \_    _/   
.----)   |   |  |____ |  |\  \----.|  |____ |  |\   | |  |     |  |         |  |     
|_______/    |_______|| _| `._____||_______||__| \__| |__|     |__|         |__|    
                                                                                     
 News and tutorials at http://www.serenity-bdd.info                                  
 Documentation at https://wakaleo.gitbooks.io/the-serenity-book/content/             
 Join the Serenity Community on Gitter: https://gitter.im/serenity-bdd/serenity-core 
 Serenity BDD Support and Training at http://serenity-bdd.info/#/trainingandsupport  
-------------------------------------------------------------------------------------

[Test worker] INFO  - Test Suite Started: Add founds
[pool-1-thread-1] INFO net.thucydides.core.reports.ReportService - net.thucydides.core.reports.json.JSONTestOutcomeReporter@2b2f5fcf: Generating report for test outcome: Add founds:Add founds succes
[pool-2-thread-1] INFO net.thucydides.core.reports.ReportService - net.thucydides.core.reports.html.HtmlAcceptanceTestReporter@709ed6f3: Generating report for test outcome: Add founds:Add founds succes
[Test worker] INFO io.cucumber.core.plugin.SerenityReporter - Cleanup test resources for URI file:///C:/Users/QVUser/Documents/Projects/phptravels/src/test/resources/features/phptravels_Add_Founds.feature
]]></system-err>
</testsuite>
